<?xml version="1.0" encoding="UTF-8"?>
<!-- Generated by org.testng.reporters.JUnitReportReporter -->
<testsuite hostname="BEYONDER" failures="0" tests="1" name="OrangeHRM.OrangeHRM" time="44.268" errors="0" timestamp="2024-03-18T13:38:56 IST" skipped="0">
  <testcase classname="OrangeHRM.OrangeHRM" name="firstpage" time="44.268"/>
</testsuite> <!-- OrangeHRM.OrangeHRM -->
