<?xml version="1.0" encoding="UTF-8"?>
<!-- Generated by org.testng.reporters.JUnitReportReporter -->
<testsuite hostname="BEYONDER" failures="0" tests="1" name="com.qualifications.www.Qualification" time="58.840" errors="0" timestamp="2024-03-16T13:32:10 IST" skipped="0">
  <testcase classname="com.qualifications.www.Qualification" name="Qualification" time="58.840"/>
</testsuite> <!-- com.qualifications.www.Qualification -->
